This file contains any messages produced by compilers while
running configure, to aid debugging if configure makes a mistake.

It was created by yasm configure 1.3.0, which was
generated by GNU Autoconf 2.69.  Invocation command line was

  $ /opt/ppkg/install.0.d/yasm/src/configure --prefix=/opt/ppkg/install.1.d/yasm --disable-option-checking --disable-rpath --disable-nls --enable-largefile CC=/opt/ppkg/toolchains/zig/x86_64-linux-musl-zig-cc CFLAGS= -fno-sanitize=undefined -static --static -fPIC CXX=/opt/ppkg/toolchains/zig/x86_64-linux-musl-zig-c++ CXXFLAGS= -fno-sanitize=undefined -static --static -fPIC CPP=/opt/ppkg/toolchains/zig/x86_64-linux-musl-zig-cc -E CPPFLAGS=-I/opt/ppkg/install.0.d/yasm/inc -I/home/linuxbrew/.linuxbrew/opt/python@3.10/include LDFLAGS=-L/opt/ppkg/install.0.d/yasm/lib -L/home/linuxbrew/.linuxbrew/opt/python@3.10/lib -static --static -Wl,-S AR=/opt/ppkg/toolchains/gnu-binutils/bin/ar RANLIB=/opt/ppkg/toolchains/gnu-binutils/bin/ranlib PKG_CONFIG=/opt/ppkg/core/bin/pkg-config PKG_CONFIG_PATH=/home/linuxbrew/.linuxbrew/opt/python@3.10/lib/pkgconfig PKG_CONFIG_LIBDIR= --disable-debug --enable-static --disable-shared --disable-gcov --disable-warnerror --disable-profiling --disable-python --disable-python-bindings --without-dmalloc

## --------- ##
## Platform. ##
## --------- ##

hostname = ubuntu
uname -m = x86_64
uname -r = 5.15.0-35-generic
uname -s = Linux
uname -v = #36-Ubuntu SMP Sat May 21 02:24:07 UTC 2022

/usr/bin/uname -p = x86_64
/bin/uname -X     = unknown

/bin/arch              = x86_64
/usr/bin/arch -k       = unknown
/usr/convex/getsysinfo = unknown
/usr/bin/hostinfo      = unknown
/bin/machine           = unknown
/usr/bin/oslevel       = unknown
/bin/universe          = unknown

PATH: /opt/ppkg/install.0.d/yasm/bin
PATH: /opt/ppkg/toolchains/gnu-binutils/bin
PATH: /home/leleliu008/perl5/bin
PATH: /opt/ppkg/core/bin
PATH: /home/leleliu008/.ndk-pkg/android-ndk-r23b
PATH: /home/leleliu008/.ndk-pkg/android-sdk/build-tools/30.0.3
PATH: /home/leleliu008/.ndk-pkg/android-sdk/platform-tools
PATH: /home/leleliu008/.ndk-pkg/android-sdk/cmdline-tools/latest/bin
PATH: /home/linuxbrew/.linuxbrew/opt/openjdk@11/bin
PATH: /home/linuxbrew/.linuxbrew/bin
PATH: /home/linuxbrew/.linuxbrew/sbin
PATH: /home/linuxbrew/.linuxbrew/opt/python@3.10/bin
PATH: /home/leleliu008/.nvm/versions/node/v16.9.0/bin
PATH: /home/leleliu008/.cargo/bin
PATH: /home/leleliu008/.local/bin
PATH: /usr/local/sbin
PATH: /usr/local/bin
PATH: /usr/sbin
PATH: /usr/bin
PATH: /sbin
PATH: /bin
PATH: /usr/games
PATH: /usr/local/games
PATH: /snap/bin
PATH: /snap/bin


## ----------- ##
## Core tests. ##
## ----------- ##

configure:2536: checking for a BSD-compatible install
configure:2604: result: /usr/bin/install -c
configure:2615: checking whether build environment is sane
configure:2670: result: yes
configure:2821: checking for a thread-safe mkdir -p
configure:2860: result: /usr/bin/mkdir -p
configure:2867: checking for gawk
configure:2883: found /opt/ppkg/core/bin/gawk
configure:2894: result: gawk
configure:2905: checking whether make sets $(MAKE)
configure:2927: result: yes
configure:2956: checking whether make supports nested variables
configure:2973: result: yes
configure:3099: checking whether to enable maintainer-specific portions of Makefiles
configure:3108: result: no
configure:3204: checking for style of include used by make
configure:3232: result: GNU
configure:3303: checking for gcc
configure:3330: result: /opt/ppkg/toolchains/zig/x86_64-linux-musl-zig-cc
configure:3559: checking for C compiler version
configure:3568: /opt/ppkg/toolchains/zig/x86_64-linux-musl-zig-cc --version >&5
clang version 13.0.1 (git@github.com:ziglang/zig-bootstrap.git 81f0e6c5b902ead84753490db4f0007d08df964a)
Target: x86_64-unknown-linux-musl
Thread model: posix
InstalledDir: /usr/bin
configure:3579: $? = 0
configure:3568: /opt/ppkg/toolchains/zig/x86_64-linux-musl-zig-cc -v >&5
clang version 13.0.1 (git@github.com:ziglang/zig-bootstrap.git 81f0e6c5b902ead84753490db4f0007d08df964a)
Target: x86_64-unknown-linux-musl
Thread model: posix
InstalledDir: /usr/bin
Found candidate GCC installation: /usr/bin/../lib/gcc/x86_64-linux-gnu/11
Selected GCC installation: /usr/bin/../lib/gcc/x86_64-linux-gnu/11
Candidate multilib: .;@m64
Candidate multilib: 32;@m32
Candidate multilib: x32;@mx32
Selected multilib: .;@m64
... rest of stderr output deleted ...
configure:3579: $? = 0
configure:3568: /opt/ppkg/toolchains/zig/x86_64-linux-musl-zig-cc -V >&5
zig: error: argument to '-V' is missing (expected 1 value)
zig: error: no input files
configure:3579: $? = 1
configure:3568: /opt/ppkg/toolchains/zig/x86_64-linux-musl-zig-cc -qversion >&5
error: Unknown Clang option: '-qversion'
configure:3579: $? = 1
configure:3599: checking whether the C compiler works
configure:3621: /opt/ppkg/toolchains/zig/x86_64-linux-musl-zig-cc  -fno-sanitize=undefined -static --static -fPIC -I/opt/ppkg/install.0.d/yasm/inc -I/home/linuxbrew/.linuxbrew/opt/python@3.10/include -L/opt/ppkg/install.0.d/yasm/lib -L/home/linuxbrew/.linuxbrew/opt/python@3.10/lib -static --static -Wl,-S conftest.c  >&5
configure:3625: $? = 0
configure:3673: result: yes
configure:3676: checking for C compiler default output file name
configure:3678: result: a.out
configure:3684: checking for suffix of executables
configure:3691: /opt/ppkg/toolchains/zig/x86_64-linux-musl-zig-cc -o conftest  -fno-sanitize=undefined -static --static -fPIC -I/opt/ppkg/install.0.d/yasm/inc -I/home/linuxbrew/.linuxbrew/opt/python@3.10/include -L/opt/ppkg/install.0.d/yasm/lib -L/home/linuxbrew/.linuxbrew/opt/python@3.10/lib -static --static -Wl,-S conftest.c  >&5
configure:3695: $? = 0
configure:3717: result: 
configure:3739: checking whether we are cross compiling
configure:3747: /opt/ppkg/toolchains/zig/x86_64-linux-musl-zig-cc -o conftest  -fno-sanitize=undefined -static --static -fPIC -I/opt/ppkg/install.0.d/yasm/inc -I/home/linuxbrew/.linuxbrew/opt/python@3.10/include -L/opt/ppkg/install.0.d/yasm/lib -L/home/linuxbrew/.linuxbrew/opt/python@3.10/lib -static --static -Wl,-S conftest.c  >&5
configure:3751: $? = 0
configure:3758: ./conftest
configure:3762: $? = 0
configure:3777: result: no
configure:3782: checking for suffix of object files
configure:3804: /opt/ppkg/toolchains/zig/x86_64-linux-musl-zig-cc -c  -fno-sanitize=undefined -static --static -fPIC -I/opt/ppkg/install.0.d/yasm/inc -I/home/linuxbrew/.linuxbrew/opt/python@3.10/include conftest.c >&5
configure:3808: $? = 0
configure:3829: result: o
configure:3833: checking whether we are using the GNU C compiler
configure:3852: /opt/ppkg/toolchains/zig/x86_64-linux-musl-zig-cc -c  -fno-sanitize=undefined -static --static -fPIC -I/opt/ppkg/install.0.d/yasm/inc -I/home/linuxbrew/.linuxbrew/opt/python@3.10/include conftest.c >&5
configure:3852: $? = 0
configure:3861: result: yes
configure:3870: checking whether /opt/ppkg/toolchains/zig/x86_64-linux-musl-zig-cc accepts -g
configure:3890: /opt/ppkg/toolchains/zig/x86_64-linux-musl-zig-cc -c -g -I/opt/ppkg/install.0.d/yasm/inc -I/home/linuxbrew/.linuxbrew/opt/python@3.10/include conftest.c >&5
configure:3890: $? = 0
configure:3931: result: yes
configure:3948: checking for /opt/ppkg/toolchains/zig/x86_64-linux-musl-zig-cc option to accept ISO C89
configure:4011: /opt/ppkg/toolchains/zig/x86_64-linux-musl-zig-cc  -c  -fno-sanitize=undefined -static --static -fPIC -I/opt/ppkg/install.0.d/yasm/inc -I/home/linuxbrew/.linuxbrew/opt/python@3.10/include conftest.c >&5
configure:4011: $? = 0
configure:4024: result: none needed
configure:4049: checking whether /opt/ppkg/toolchains/zig/x86_64-linux-musl-zig-cc understands -c and -o together
configure:4071: /opt/ppkg/toolchains/zig/x86_64-linux-musl-zig-cc -c conftest.c -o conftest2.o
configure:4074: $? = 0
configure:4071: /opt/ppkg/toolchains/zig/x86_64-linux-musl-zig-cc -c conftest.c -o conftest2.o
configure:4074: $? = 0
configure:4086: result: yes
configure:4105: checking dependency style of /opt/ppkg/toolchains/zig/x86_64-linux-musl-zig-cc
configure:4216: result: gcc3
configure:4236: checking how to run the C preprocessor
configure:4306: result: /opt/ppkg/toolchains/zig/x86_64-linux-musl-zig-cc -E
configure:4326: /opt/ppkg/toolchains/zig/x86_64-linux-musl-zig-cc -E -I/opt/ppkg/install.0.d/yasm/inc -I/home/linuxbrew/.linuxbrew/opt/python@3.10/include conftest.c
configure:4326: $? = 0
configure:4340: /opt/ppkg/toolchains/zig/x86_64-linux-musl-zig-cc -E -I/opt/ppkg/install.0.d/yasm/inc -I/home/linuxbrew/.linuxbrew/opt/python@3.10/include conftest.c
conftest.c:11:10: fatal error: 'ac_nonexistent.h' file not found
#include <ac_nonexistent.h>
         ^~~~~~~~~~~~~~~~~~
1 error generated.
configure:4340: $? = 1
configure: failed program was:
| /* confdefs.h */
| #define PACKAGE_NAME "yasm"
| #define PACKAGE_TARNAME "yasm"
| #define PACKAGE_VERSION "1.3.0"
| #define PACKAGE_STRING "yasm 1.3.0"
| #define PACKAGE_BUGREPORT "bug-yasm@tortall.net"
| #define PACKAGE_URL ""
| #define PACKAGE "yasm"
| #define VERSION "1.3.0"
| /* end confdefs.h.  */
| #include <ac_nonexistent.h>
configure:4372: checking for /opt/ppkg/toolchains/zig/x86_64-linux-musl-zig-cc option to accept ISO C99
configure:4521: /opt/ppkg/toolchains/zig/x86_64-linux-musl-zig-cc  -c  -fno-sanitize=undefined -static --static -fPIC -I/opt/ppkg/install.0.d/yasm/inc -I/home/linuxbrew/.linuxbrew/opt/python@3.10/include conftest.c >&5
configure:4521: $? = 0
configure:4534: result: none needed
configure:4642: checking for /opt/ppkg/toolchains/zig/x86_64-linux-musl-zig-cc option to accept ISO Standard C
configure:4653: result: none needed
configure:4661: checking whether ln -s works
configure:4665: result: yes
configure:4816: checking for ranlib
configure:4843: result: /opt/ppkg/toolchains/gnu-binutils/bin/ranlib
configure:4876: checking for xmlto
configure:4892: found /home/linuxbrew/.linuxbrew/bin/xmlto
configure:4903: result: xmlto
configure:4935: checking if malloc debugging is wanted
configure:4949: result: no
configure:4964: checking for grep that handles long lines and -e
configure:5022: result: /opt/ppkg/core/bin/grep
configure:5027: checking for egrep
configure:5089: result: /opt/ppkg/core/bin/grep -E
configure:5094: checking for ANSI C header files
configure:5114: /opt/ppkg/toolchains/zig/x86_64-linux-musl-zig-cc -c  -fno-sanitize=undefined -static --static -fPIC -I/opt/ppkg/install.0.d/yasm/inc -I/home/linuxbrew/.linuxbrew/opt/python@3.10/include conftest.c >&5
configure:5114: $? = 0
configure:5187: /opt/ppkg/toolchains/zig/x86_64-linux-musl-zig-cc -o conftest  -fno-sanitize=undefined -static --static -fPIC -I/opt/ppkg/install.0.d/yasm/inc -I/home/linuxbrew/.linuxbrew/opt/python@3.10/include -L/opt/ppkg/install.0.d/yasm/lib -L/home/linuxbrew/.linuxbrew/opt/python@3.10/lib -static --static -Wl,-S conftest.c  >&5
configure:5187: $? = 0
configure:5187: ./conftest
configure:5187: $? = 0
configure:5198: result: yes
configure:5211: checking for sys/types.h
configure:5211: /opt/ppkg/toolchains/zig/x86_64-linux-musl-zig-cc -c  -fno-sanitize=undefined -static --static -fPIC -I/opt/ppkg/install.0.d/yasm/inc -I/home/linuxbrew/.linuxbrew/opt/python@3.10/include conftest.c >&5
configure:5211: $? = 0
configure:5211: result: yes
configure:5211: checking for sys/stat.h
configure:5211: /opt/ppkg/toolchains/zig/x86_64-linux-musl-zig-cc -c  -fno-sanitize=undefined -static --static -fPIC -I/opt/ppkg/install.0.d/yasm/inc -I/home/linuxbrew/.linuxbrew/opt/python@3.10/include conftest.c >&5
configure:5211: $? = 0
configure:5211: result: yes
configure:5211: checking for stdlib.h
configure:5211: /opt/ppkg/toolchains/zig/x86_64-linux-musl-zig-cc -c  -fno-sanitize=undefined -static --static -fPIC -I/opt/ppkg/install.0.d/yasm/inc -I/home/linuxbrew/.linuxbrew/opt/python@3.10/include conftest.c >&5
configure:5211: $? = 0
configure:5211: result: yes
configure:5211: checking for string.h
configure:5211: /opt/ppkg/toolchains/zig/x86_64-linux-musl-zig-cc -c  -fno-sanitize=undefined -static --static -fPIC -I/opt/ppkg/install.0.d/yasm/inc -I/home/linuxbrew/.linuxbrew/opt/python@3.10/include conftest.c >&5
configure:5211: $? = 0
configure:5211: result: yes
configure:5211: checking for memory.h
configure:5211: /opt/ppkg/toolchains/zig/x86_64-linux-musl-zig-cc -c  -fno-sanitize=undefined -static --static -fPIC -I/opt/ppkg/install.0.d/yasm/inc -I/home/linuxbrew/.linuxbrew/opt/python@3.10/include conftest.c >&5
configure:5211: $? = 0
configure:5211: result: yes
configure:5211: checking for strings.h
configure:5211: /opt/ppkg/toolchains/zig/x86_64-linux-musl-zig-cc -c  -fno-sanitize=undefined -static --static -fPIC -I/opt/ppkg/install.0.d/yasm/inc -I/home/linuxbrew/.linuxbrew/opt/python@3.10/include conftest.c >&5
configure:5211: $? = 0
configure:5211: result: yes
configure:5211: checking for inttypes.h
configure:5211: /opt/ppkg/toolchains/zig/x86_64-linux-musl-zig-cc -c  -fno-sanitize=undefined -static --static -fPIC -I/opt/ppkg/install.0.d/yasm/inc -I/home/linuxbrew/.linuxbrew/opt/python@3.10/include conftest.c >&5
configure:5211: $? = 0
configure:5211: result: yes
configure:5211: checking for stdint.h
configure:5211: /opt/ppkg/toolchains/zig/x86_64-linux-musl-zig-cc -c  -fno-sanitize=undefined -static --static -fPIC -I/opt/ppkg/install.0.d/yasm/inc -I/home/linuxbrew/.linuxbrew/opt/python@3.10/include conftest.c >&5
configure:5211: $? = 0
configure:5211: result: yes
configure:5211: checking for unistd.h
configure:5211: /opt/ppkg/toolchains/zig/x86_64-linux-musl-zig-cc -c  -fno-sanitize=undefined -static --static -fPIC -I/opt/ppkg/install.0.d/yasm/inc -I/home/linuxbrew/.linuxbrew/opt/python@3.10/include conftest.c >&5
configure:5211: $? = 0
configure:5211: result: yes
configure:5226: checking for strings.h
configure:5226: result: yes
configure:5226: checking libgen.h usability
configure:5226: /opt/ppkg/toolchains/zig/x86_64-linux-musl-zig-cc -c  -fno-sanitize=undefined -static --static -fPIC -I/opt/ppkg/install.0.d/yasm/inc -I/home/linuxbrew/.linuxbrew/opt/python@3.10/include conftest.c >&5
configure:5226: $? = 0
configure:5226: result: yes
configure:5226: checking libgen.h presence
configure:5226: /opt/ppkg/toolchains/zig/x86_64-linux-musl-zig-cc -E -I/opt/ppkg/install.0.d/yasm/inc -I/home/linuxbrew/.linuxbrew/opt/python@3.10/include conftest.c
configure:5226: $? = 0
configure:5226: result: yes
configure:5226: checking for libgen.h
configure:5226: result: yes
configure:5226: checking for unistd.h
configure:5226: result: yes
configure:5226: checking direct.h usability
configure:5226: /opt/ppkg/toolchains/zig/x86_64-linux-musl-zig-cc -c  -fno-sanitize=undefined -static --static -fPIC -I/opt/ppkg/install.0.d/yasm/inc -I/home/linuxbrew/.linuxbrew/opt/python@3.10/include conftest.c >&5
conftest.c:57:10: fatal error: 'direct.h' file not found
#include <direct.h>
         ^~~~~~~~~~
1 error generated.
configure:5226: $? = 1
configure: failed program was:
| /* confdefs.h */
| #define PACKAGE_NAME "yasm"
| #define PACKAGE_TARNAME "yasm"
| #define PACKAGE_VERSION "1.3.0"
| #define PACKAGE_STRING "yasm 1.3.0"
| #define PACKAGE_BUGREPORT "bug-yasm@tortall.net"
| #define PACKAGE_URL ""
| #define PACKAGE "yasm"
| #define VERSION "1.3.0"
| #define STDC_HEADERS 1
| #define HAVE_SYS_TYPES_H 1
| #define HAVE_SYS_STAT_H 1
| #define HAVE_STDLIB_H 1
| #define HAVE_STRING_H 1
| #define HAVE_MEMORY_H 1
| #define HAVE_STRINGS_H 1
| #define HAVE_INTTYPES_H 1
| #define HAVE_STDINT_H 1
| #define HAVE_UNISTD_H 1
| #define HAVE_STRINGS_H 1
| #define HAVE_LIBGEN_H 1
| #define HAVE_UNISTD_H 1
| /* end confdefs.h.  */
| #include <stdio.h>
| #ifdef HAVE_SYS_TYPES_H
| # include <sys/types.h>
| #endif
| #ifdef HAVE_SYS_STAT_H
| # include <sys/stat.h>
| #endif
| #ifdef STDC_HEADERS
| # include <stdlib.h>
| # include <stddef.h>
| #else
| # ifdef HAVE_STDLIB_H
| #  include <stdlib.h>
| # endif
| #endif
| #ifdef HAVE_STRING_H
| # if !defined STDC_HEADERS && defined HAVE_MEMORY_H
| #  include <memory.h>
| # endif
| # include <string.h>
| #endif
| #ifdef HAVE_STRINGS_H
| # include <strings.h>
| #endif
| #ifdef HAVE_INTTYPES_H
| # include <inttypes.h>
| #endif
| #ifdef HAVE_STDINT_H
| # include <stdint.h>
| #endif
| #ifdef HAVE_UNISTD_H
| # include <unistd.h>
| #endif
| #include <direct.h>
configure:5226: result: no
configure:5226: checking direct.h presence
configure:5226: /opt/ppkg/toolchains/zig/x86_64-linux-musl-zig-cc -E -I/opt/ppkg/install.0.d/yasm/inc -I/home/linuxbrew/.linuxbrew/opt/python@3.10/include conftest.c
conftest.c:24:10: fatal error: 'direct.h' file not found
#include <direct.h>
         ^~~~~~~~~~
1 error generated.
configure:5226: $? = 1
configure: failed program was:
| /* confdefs.h */
| #define PACKAGE_NAME "yasm"
| #define PACKAGE_TARNAME "yasm"
| #define PACKAGE_VERSION "1.3.0"
| #define PACKAGE_STRING "yasm 1.3.0"
| #define PACKAGE_BUGREPORT "bug-yasm@tortall.net"
| #define PACKAGE_URL ""
| #define PACKAGE "yasm"
| #define VERSION "1.3.0"
| #define STDC_HEADERS 1
| #define HAVE_SYS_TYPES_H 1
| #define HAVE_SYS_STAT_H 1
| #define HAVE_STDLIB_H 1
| #define HAVE_STRING_H 1
| #define HAVE_MEMORY_H 1
| #define HAVE_STRINGS_H 1
| #define HAVE_INTTYPES_H 1
| #define HAVE_STDINT_H 1
| #define HAVE_UNISTD_H 1
| #define HAVE_STRINGS_H 1
| #define HAVE_LIBGEN_H 1
| #define HAVE_UNISTD_H 1
| /* end confdefs.h.  */
| #include <direct.h>
configure:5226: result: no
configure:5226: checking for direct.h
configure:5226: result: no
configure:5226: checking for sys/stat.h
configure:5226: result: yes
configure:5245: checking for an ANSI C-conforming const
configure:5311: /opt/ppkg/toolchains/zig/x86_64-linux-musl-zig-cc -c  -fno-sanitize=undefined -static --static -fPIC -I/opt/ppkg/install.0.d/yasm/inc -I/home/linuxbrew/.linuxbrew/opt/python@3.10/include conftest.c >&5
configure:5311: $? = 0
configure:5318: result: yes
configure:5326: checking for inline
configure:5342: /opt/ppkg/toolchains/zig/x86_64-linux-musl-zig-cc -c  -fno-sanitize=undefined -static --static -fPIC -I/opt/ppkg/install.0.d/yasm/inc -I/home/linuxbrew/.linuxbrew/opt/python@3.10/include conftest.c >&5
configure:5342: $? = 0
configure:5350: result: inline
configure:5368: checking for function prototypes
configure:5371: result: yes
configure:5384: checking for size_t
configure:5384: /opt/ppkg/toolchains/zig/x86_64-linux-musl-zig-cc -c  -fno-sanitize=undefined -static --static -fPIC -I/opt/ppkg/install.0.d/yasm/inc -I/home/linuxbrew/.linuxbrew/opt/python@3.10/include conftest.c >&5
configure:5384: $? = 0
configure:5384: /opt/ppkg/toolchains/zig/x86_64-linux-musl-zig-cc -c  -fno-sanitize=undefined -static --static -fPIC -I/opt/ppkg/install.0.d/yasm/inc -I/home/linuxbrew/.linuxbrew/opt/python@3.10/include conftest.c >&5
conftest.c:63:21: error: expected expression
if (sizeof ((size_t)))
                    ^
1 error generated.
configure:5384: $? = 1
configure: failed program was:
| /* confdefs.h */
| #define PACKAGE_NAME "yasm"
| #define PACKAGE_TARNAME "yasm"
| #define PACKAGE_VERSION "1.3.0"
| #define PACKAGE_STRING "yasm 1.3.0"
| #define PACKAGE_BUGREPORT "bug-yasm@tortall.net"
| #define PACKAGE_URL ""
| #define PACKAGE "yasm"
| #define VERSION "1.3.0"
| #define STDC_HEADERS 1
| #define HAVE_SYS_TYPES_H 1
| #define HAVE_SYS_STAT_H 1
| #define HAVE_STDLIB_H 1
| #define HAVE_STRING_H 1
| #define HAVE_MEMORY_H 1
| #define HAVE_STRINGS_H 1
| #define HAVE_INTTYPES_H 1
| #define HAVE_STDINT_H 1
| #define HAVE_UNISTD_H 1
| #define HAVE_STRINGS_H 1
| #define HAVE_LIBGEN_H 1
| #define HAVE_UNISTD_H 1
| #define HAVE_SYS_STAT_H 1
| #define PROTOTYPES 1
| #define __PROTOTYPES 1
| /* end confdefs.h.  */
| #include <stdio.h>
| #ifdef HAVE_SYS_TYPES_H
| # include <sys/types.h>
| #endif
| #ifdef HAVE_SYS_STAT_H
| # include <sys/stat.h>
| #endif
| #ifdef STDC_HEADERS
| # include <stdlib.h>
| # include <stddef.h>
| #else
| # ifdef HAVE_STDLIB_H
| #  include <stdlib.h>
| # endif
| #endif
| #ifdef HAVE_STRING_H
| # if !defined STDC_HEADERS && defined HAVE_MEMORY_H
| #  include <memory.h>
| # endif
| # include <string.h>
| #endif
| #ifdef HAVE_STRINGS_H
| # include <strings.h>
| #endif
| #ifdef HAVE_INTTYPES_H
| # include <inttypes.h>
| #endif
| #ifdef HAVE_STDINT_H
| # include <stdint.h>
| #endif
| #ifdef HAVE_UNISTD_H
| # include <unistd.h>
| #endif
| int
| main ()
| {
| if (sizeof ((size_t)))
| 	    return 0;
|   ;
|   return 0;
| }
configure:5384: result: yes
configure:5396: checking for stdint types
configure:5419: /opt/ppkg/toolchains/zig/x86_64-linux-musl-zig-cc -c   conftest.c >&5
configure:5419: $? = 0
configure:5444: result: stdint.h (shortcircuit)
configure:5824: result: make use of stdint.h in libyasm-stdint.h (assuming C99 compatible system)
configure:5838: checking for abort
configure:5838: /opt/ppkg/toolchains/zig/x86_64-linux-musl-zig-cc -o conftest  -fno-sanitize=undefined -static --static -fPIC -I/opt/ppkg/install.0.d/yasm/inc -I/home/linuxbrew/.linuxbrew/opt/python@3.10/include -L/opt/ppkg/install.0.d/yasm/lib -L/home/linuxbrew/.linuxbrew/opt/python@3.10/lib -static --static -Wl,-S conftest.c  >&5
conftest.c:50:6: warning: incompatible redeclaration of library function 'abort' [-Wincompatible-library-redeclaration]
char abort ();
     ^
conftest.c:50:6: note: 'abort' is a builtin with type 'void (void) __attribute__((noreturn))'
1 warning generated.
configure:5838: $? = 0
configure:5838: result: yes
configure:5838: checking for toascii
configure:5838: /opt/ppkg/toolchains/zig/x86_64-linux-musl-zig-cc -o conftest  -fno-sanitize=undefined -static --static -fPIC -I/opt/ppkg/install.0.d/yasm/inc -I/home/linuxbrew/.linuxbrew/opt/python@3.10/include -L/opt/ppkg/install.0.d/yasm/lib -L/home/linuxbrew/.linuxbrew/opt/python@3.10/lib -static --static -Wl,-S conftest.c  >&5
configure:5838: $? = 0
configure:5838: result: yes
configure:5838: checking for vsnprintf
configure:5838: /opt/ppkg/toolchains/zig/x86_64-linux-musl-zig-cc -o conftest  -fno-sanitize=undefined -static --static -fPIC -I/opt/ppkg/install.0.d/yasm/inc -I/home/linuxbrew/.linuxbrew/opt/python@3.10/include -L/opt/ppkg/install.0.d/yasm/lib -L/home/linuxbrew/.linuxbrew/opt/python@3.10/lib -static --static -Wl,-S conftest.c  >&5
conftest.c:52:6: warning: incompatible redeclaration of library function 'vsnprintf' [-Wincompatible-library-redeclaration]
char vsnprintf ();
     ^
conftest.c:52:6: note: 'vsnprintf' is a builtin with type 'int (char *, unsigned long, const char *, struct __va_list_tag *)'
1 warning generated.
configure:5838: $? = 0
configure:5838: result: yes
configure:5850: checking for strsep
configure:5850: /opt/ppkg/toolchains/zig/x86_64-linux-musl-zig-cc -o conftest  -fno-sanitize=undefined -static --static -fPIC -I/opt/ppkg/install.0.d/yasm/inc -I/home/linuxbrew/.linuxbrew/opt/python@3.10/include -L/opt/ppkg/install.0.d/yasm/lib -L/home/linuxbrew/.linuxbrew/opt/python@3.10/lib -static --static -Wl,-S conftest.c  >&5
configure:5850: $? = 0
configure:5850: result: yes
configure:5850: checking for mergesort
configure:5850: /opt/ppkg/toolchains/zig/x86_64-linux-musl-zig-cc -o conftest  -fno-sanitize=undefined -static --static -fPIC -I/opt/ppkg/install.0.d/yasm/inc -I/home/linuxbrew/.linuxbrew/opt/python@3.10/include -L/opt/ppkg/install.0.d/yasm/lib -L/home/linuxbrew/.linuxbrew/opt/python@3.10/lib -static --static -Wl,-S conftest.c  >&5
ld.lld: error: undefined symbol: mergesort
>>> referenced by conftest.c
>>>               /home/leleliu008/.cache/zig/o/da776812287f291eb13717ca72d240df/conftest.o:(main)
configure:5850: $? = 1
configure: failed program was:
| /* confdefs.h */
| #define PACKAGE_NAME "yasm"
| #define PACKAGE_TARNAME "yasm"
| #define PACKAGE_VERSION "1.3.0"
| #define PACKAGE_STRING "yasm 1.3.0"
| #define PACKAGE_BUGREPORT "bug-yasm@tortall.net"
| #define PACKAGE_URL ""
| #define PACKAGE "yasm"
| #define VERSION "1.3.0"
| #define STDC_HEADERS 1
| #define HAVE_SYS_TYPES_H 1
| #define HAVE_SYS_STAT_H 1
| #define HAVE_STDLIB_H 1
| #define HAVE_STRING_H 1
| #define HAVE_MEMORY_H 1
| #define HAVE_STRINGS_H 1
| #define HAVE_INTTYPES_H 1
| #define HAVE_STDINT_H 1
| #define HAVE_UNISTD_H 1
| #define HAVE_STRINGS_H 1
| #define HAVE_LIBGEN_H 1
| #define HAVE_UNISTD_H 1
| #define HAVE_SYS_STAT_H 1
| #define PROTOTYPES 1
| #define __PROTOTYPES 1
| #define HAVE_ABORT 1
| #define HAVE_TOASCII 1
| #define HAVE_VSNPRINTF 1
| #define HAVE_STRSEP 1
| /* end confdefs.h.  */
| /* Define mergesort to an innocuous variant, in case <limits.h> declares mergesort.
|    For example, HP-UX 11i <limits.h> declares gettimeofday.  */
| #define mergesort innocuous_mergesort
| 
| /* System header to define __stub macros and hopefully few prototypes,
|     which can conflict with char mergesort (); below.
|     Prefer <limits.h> to <assert.h> if __STDC__ is defined, since
|     <limits.h> exists even on freestanding compilers.  */
| 
| #ifdef __STDC__
| # include <limits.h>
| #else
| # include <assert.h>
| #endif
| 
| #undef mergesort
| 
| /* Override any GCC internal prototype to avoid an error.
|    Use char because int might match the return type of a GCC
|    builtin and then its argument prototype would still apply.  */
| #ifdef __cplusplus
| extern "C"
| #endif
| char mergesort ();
| /* The GNU C library defines this for functions which it implements
|     to always fail with ENOSYS.  Some functions are actually named
|     something starting with __ and the normal name is an alias.  */
| #if defined __stub_mergesort || defined __stub___mergesort
| choke me
| #endif
| 
| int
| main ()
| {
| return mergesort ();
|   ;
|   return 0;
| }
configure:5850: result: no
configure:5850: checking for getcwd
configure:5850: /opt/ppkg/toolchains/zig/x86_64-linux-musl-zig-cc -o conftest  -fno-sanitize=undefined -static --static -fPIC -I/opt/ppkg/install.0.d/yasm/inc -I/home/linuxbrew/.linuxbrew/opt/python@3.10/include -L/opt/ppkg/install.0.d/yasm/lib -L/home/linuxbrew/.linuxbrew/opt/python@3.10/lib -static --static -Wl,-S conftest.c  >&5
configure:5850: $? = 0
configure:5850: result: yes
configure:5862: checking for popen
configure:5862: /opt/ppkg/toolchains/zig/x86_64-linux-musl-zig-cc -o conftest  -fno-sanitize=undefined -static --static -fPIC -I/opt/ppkg/install.0.d/yasm/inc -I/home/linuxbrew/.linuxbrew/opt/python@3.10/include -L/opt/ppkg/install.0.d/yasm/lib -L/home/linuxbrew/.linuxbrew/opt/python@3.10/lib -static --static -Wl,-S conftest.c  >&5
configure:5862: $? = 0
configure:5862: result: yes
configure:5862: checking for ftruncate
configure:5862: /opt/ppkg/toolchains/zig/x86_64-linux-musl-zig-cc -o conftest  -fno-sanitize=undefined -static --static -fPIC -I/opt/ppkg/install.0.d/yasm/inc -I/home/linuxbrew/.linuxbrew/opt/python@3.10/include -L/opt/ppkg/install.0.d/yasm/lib -L/home/linuxbrew/.linuxbrew/opt/python@3.10/lib -static --static -Wl,-S conftest.c  >&5
configure:5862: $? = 0
configure:5862: result: yes
configure:5875: checking for strcasecmp
configure:5875: /opt/ppkg/toolchains/zig/x86_64-linux-musl-zig-cc -o conftest  -fno-sanitize=undefined -static --static -fPIC -I/opt/ppkg/install.0.d/yasm/inc -I/home/linuxbrew/.linuxbrew/opt/python@3.10/include -L/opt/ppkg/install.0.d/yasm/lib -L/home/linuxbrew/.linuxbrew/opt/python@3.10/lib -static --static -Wl,-S conftest.c  >&5
conftest.c:57:6: warning: incompatible redeclaration of library function 'strcasecmp' [-Wincompatible-library-redeclaration]
char strcasecmp ();
     ^
conftest.c:57:6: note: 'strcasecmp' is a builtin with type 'int (const char *, const char *)'
1 warning generated.
configure:5875: $? = 0
configure:5875: result: yes
configure:5875: checking for strncasecmp
configure:5875: /opt/ppkg/toolchains/zig/x86_64-linux-musl-zig-cc -o conftest  -fno-sanitize=undefined -static --static -fPIC -I/opt/ppkg/install.0.d/yasm/inc -I/home/linuxbrew/.linuxbrew/opt/python@3.10/include -L/opt/ppkg/install.0.d/yasm/lib -L/home/linuxbrew/.linuxbrew/opt/python@3.10/lib -static --static -Wl,-S conftest.c  >&5
conftest.c:58:6: warning: incompatible redeclaration of library function 'strncasecmp' [-Wincompatible-library-redeclaration]
char strncasecmp ();
     ^
conftest.c:58:6: note: 'strncasecmp' is a builtin with type 'int (const char *, const char *, unsigned long)'
1 warning generated.
configure:5875: $? = 0
configure:5875: result: yes
configure:5875: checking for stricmp
configure:5875: /opt/ppkg/toolchains/zig/x86_64-linux-musl-zig-cc -o conftest  -fno-sanitize=undefined -static --static -fPIC -I/opt/ppkg/install.0.d/yasm/inc -I/home/linuxbrew/.linuxbrew/opt/python@3.10/include -L/opt/ppkg/install.0.d/yasm/lib -L/home/linuxbrew/.linuxbrew/opt/python@3.10/lib -static --static -Wl,-S conftest.c  >&5
ld.lld: error: undefined symbol: stricmp
>>> referenced by conftest.c
>>>               /home/leleliu008/.cache/zig/o/1f55814847ba4fce3a6799b17a30aea4/conftest.o:(main)
>>> did you mean: strncmp
>>> defined in: /home/leleliu008/.cache/zig/o/6ac982605154bd7eb967061e5b661f56/libc.a
configure:5875: $? = 1
configure: failed program was:
| /* confdefs.h */
| #define PACKAGE_NAME "yasm"
| #define PACKAGE_TARNAME "yasm"
| #define PACKAGE_VERSION "1.3.0"
| #define PACKAGE_STRING "yasm 1.3.0"
| #define PACKAGE_BUGREPORT "bug-yasm@tortall.net"
| #define PACKAGE_URL ""
| #define PACKAGE "yasm"
| #define VERSION "1.3.0"
| #define STDC_HEADERS 1
| #define HAVE_SYS_TYPES_H 1
| #define HAVE_SYS_STAT_H 1
| #define HAVE_STDLIB_H 1
| #define HAVE_STRING_H 1
| #define HAVE_MEMORY_H 1
| #define HAVE_STRINGS_H 1
| #define HAVE_INTTYPES_H 1
| #define HAVE_STDINT_H 1
| #define HAVE_UNISTD_H 1
| #define HAVE_STRINGS_H 1
| #define HAVE_LIBGEN_H 1
| #define HAVE_UNISTD_H 1
| #define HAVE_SYS_STAT_H 1
| #define PROTOTYPES 1
| #define __PROTOTYPES 1
| #define HAVE_ABORT 1
| #define HAVE_TOASCII 1
| #define HAVE_VSNPRINTF 1
| #define HAVE_STRSEP 1
| #define HAVE_GETCWD 1
| #define HAVE_POPEN 1
| #define HAVE_FTRUNCATE 1
| #define HAVE_STRCASECMP 1
| #define HAVE_STRNCASECMP 1
| /* end confdefs.h.  */
| /* Define stricmp to an innocuous variant, in case <limits.h> declares stricmp.
|    For example, HP-UX 11i <limits.h> declares gettimeofday.  */
| #define stricmp innocuous_stricmp
| 
| /* System header to define __stub macros and hopefully few prototypes,
|     which can conflict with char stricmp (); below.
|     Prefer <limits.h> to <assert.h> if __STDC__ is defined, since
|     <limits.h> exists even on freestanding compilers.  */
| 
| #ifdef __STDC__
| # include <limits.h>
| #else
| # include <assert.h>
| #endif
| 
| #undef stricmp
| 
| /* Override any GCC internal prototype to avoid an error.
|    Use char because int might match the return type of a GCC
|    builtin and then its argument prototype would still apply.  */
| #ifdef __cplusplus
| extern "C"
| #endif
| char stricmp ();
| /* The GNU C library defines this for functions which it implements
|     to always fail with ENOSYS.  Some functions are actually named
|     something starting with __ and the normal name is an alias.  */
| #if defined __stub_stricmp || defined __stub___stricmp
| choke me
| #endif
| 
| int
| main ()
| {
| return stricmp ();
|   ;
|   return 0;
| }
configure:5875: result: no
configure:5875: checking for _stricmp
configure:5875: /opt/ppkg/toolchains/zig/x86_64-linux-musl-zig-cc -o conftest  -fno-sanitize=undefined -static --static -fPIC -I/opt/ppkg/install.0.d/yasm/inc -I/home/linuxbrew/.linuxbrew/opt/python@3.10/include -L/opt/ppkg/install.0.d/yasm/lib -L/home/linuxbrew/.linuxbrew/opt/python@3.10/lib -static --static -Wl,-S conftest.c  >&5
ld.lld: error: undefined symbol: _stricmp
>>> referenced by conftest.c
>>>               /home/leleliu008/.cache/zig/o/aebf9c4f77faac0c2e25c1a2b075f217/conftest.o:(main)
configure:5875: $? = 1
configure: failed program was:
| /* confdefs.h */
| #define PACKAGE_NAME "yasm"
| #define PACKAGE_TARNAME "yasm"
| #define PACKAGE_VERSION "1.3.0"
| #define PACKAGE_STRING "yasm 1.3.0"
| #define PACKAGE_BUGREPORT "bug-yasm@tortall.net"
| #define PACKAGE_URL ""
| #define PACKAGE "yasm"
| #define VERSION "1.3.0"
| #define STDC_HEADERS 1
| #define HAVE_SYS_TYPES_H 1
| #define HAVE_SYS_STAT_H 1
| #define HAVE_STDLIB_H 1
| #define HAVE_STRING_H 1
| #define HAVE_MEMORY_H 1
| #define HAVE_STRINGS_H 1
| #define HAVE_INTTYPES_H 1
| #define HAVE_STDINT_H 1
| #define HAVE_UNISTD_H 1
| #define HAVE_STRINGS_H 1
| #define HAVE_LIBGEN_H 1
| #define HAVE_UNISTD_H 1
| #define HAVE_SYS_STAT_H 1
| #define PROTOTYPES 1
| #define __PROTOTYPES 1
| #define HAVE_ABORT 1
| #define HAVE_TOASCII 1
| #define HAVE_VSNPRINTF 1
| #define HAVE_STRSEP 1
| #define HAVE_GETCWD 1
| #define HAVE_POPEN 1
| #define HAVE_FTRUNCATE 1
| #define HAVE_STRCASECMP 1
| #define HAVE_STRNCASECMP 1
| /* end confdefs.h.  */
| /* Define _stricmp to an innocuous variant, in case <limits.h> declares _stricmp.
|    For example, HP-UX 11i <limits.h> declares gettimeofday.  */
| #define _stricmp innocuous__stricmp
| 
| /* System header to define __stub macros and hopefully few prototypes,
|     which can conflict with char _stricmp (); below.
|     Prefer <limits.h> to <assert.h> if __STDC__ is defined, since
|     <limits.h> exists even on freestanding compilers.  */
| 
| #ifdef __STDC__
| # include <limits.h>
| #else
| # include <assert.h>
| #endif
| 
| #undef _stricmp
| 
| /* Override any GCC internal prototype to avoid an error.
|    Use char because int might match the return type of a GCC
|    builtin and then its argument prototype would still apply.  */
| #ifdef __cplusplus
| extern "C"
| #endif
| char _stricmp ();
| /* The GNU C library defines this for functions which it implements
|     to always fail with ENOSYS.  Some functions are actually named
|     something starting with __ and the normal name is an alias.  */
| #if defined __stub__stricmp || defined __stub____stricmp
| choke me
| #endif
| 
| int
| main ()
| {
| return _stricmp ();
|   ;
|   return 0;
| }
configure:5875: result: no
configure:5875: checking for strcmpi
configure:5875: /opt/ppkg/toolchains/zig/x86_64-linux-musl-zig-cc -o conftest  -fno-sanitize=undefined -static --static -fPIC -I/opt/ppkg/install.0.d/yasm/inc -I/home/linuxbrew/.linuxbrew/opt/python@3.10/include -L/opt/ppkg/install.0.d/yasm/lib -L/home/linuxbrew/.linuxbrew/opt/python@3.10/lib -static --static -Wl,-S conftest.c  >&5
ld.lld: error: undefined symbol: strcmpi
>>> referenced by conftest.c
>>>               /home/leleliu008/.cache/zig/o/22cf606abfb855e446f43227d1212621/conftest.o:(main)
>>> did you mean: strcmp
>>> defined in: /home/leleliu008/.cache/zig/o/6ac982605154bd7eb967061e5b661f56/libc.a
configure:5875: $? = 1
configure: failed program was:
| /* confdefs.h */
| #define PACKAGE_NAME "yasm"
| #define PACKAGE_TARNAME "yasm"
| #define PACKAGE_VERSION "1.3.0"
| #define PACKAGE_STRING "yasm 1.3.0"
| #define PACKAGE_BUGREPORT "bug-yasm@tortall.net"
| #define PACKAGE_URL ""
| #define PACKAGE "yasm"
| #define VERSION "1.3.0"
| #define STDC_HEADERS 1
| #define HAVE_SYS_TYPES_H 1
| #define HAVE_SYS_STAT_H 1
| #define HAVE_STDLIB_H 1
| #define HAVE_STRING_H 1
| #define HAVE_MEMORY_H 1
| #define HAVE_STRINGS_H 1
| #define HAVE_INTTYPES_H 1
| #define HAVE_STDINT_H 1
| #define HAVE_UNISTD_H 1
| #define HAVE_STRINGS_H 1
| #define HAVE_LIBGEN_H 1
| #define HAVE_UNISTD_H 1
| #define HAVE_SYS_STAT_H 1
| #define PROTOTYPES 1
| #define __PROTOTYPES 1
| #define HAVE_ABORT 1
| #define HAVE_TOASCII 1
| #define HAVE_VSNPRINTF 1
| #define HAVE_STRSEP 1
| #define HAVE_GETCWD 1
| #define HAVE_POPEN 1
| #define HAVE_FTRUNCATE 1
| #define HAVE_STRCASECMP 1
| #define HAVE_STRNCASECMP 1
| /* end confdefs.h.  */
| /* Define strcmpi to an innocuous variant, in case <limits.h> declares strcmpi.
|    For example, HP-UX 11i <limits.h> declares gettimeofday.  */
| #define strcmpi innocuous_strcmpi
| 
| /* System header to define __stub macros and hopefully few prototypes,
|     which can conflict with char strcmpi (); below.
|     Prefer <limits.h> to <assert.h> if __STDC__ is defined, since
|     <limits.h> exists even on freestanding compilers.  */
| 
| #ifdef __STDC__
| # include <limits.h>
| #else
| # include <assert.h>
| #endif
| 
| #undef strcmpi
| 
| /* Override any GCC internal prototype to avoid an error.
|    Use char because int might match the return type of a GCC
|    builtin and then its argument prototype would still apply.  */
| #ifdef __cplusplus
| extern "C"
| #endif
| char strcmpi ();
| /* The GNU C library defines this for functions which it implements
|     to always fail with ENOSYS.  Some functions are actually named
|     something starting with __ and the normal name is an alias.  */
| #if defined __stub_strcmpi || defined __stub___strcmpi
| choke me
| #endif
| 
| int
| main ()
| {
| return strcmpi ();
|   ;
|   return 0;
| }
configure:5875: result: no
configure:5889: checking for a sed that does not truncate output
configure:5953: result: /opt/ppkg/core/bin/sed
configure:5959: checking whether NLS is requested
configure:5968: result: no
configure:6008: checking for msgfmt
configure: trying /home/linuxbrew/.linuxbrew/bin/msgfmt...
0 translated messages.
configure:6040: result: /home/linuxbrew/.linuxbrew/bin/msgfmt
configure:6049: checking for gmsgfmt
configure:6080: result: /home/linuxbrew/.linuxbrew/bin/msgfmt
configure:6130: checking for xgettext
configure: trying /home/linuxbrew/.linuxbrew/bin/xgettext...
/home/linuxbrew/.linuxbrew/bin/xgettext: warning: file '/dev/null' extension '' is unknown; will try C
configure:6162: result: /home/linuxbrew/.linuxbrew/bin/xgettext
configure:6207: checking for msgmerge
configure: trying /home/linuxbrew/.linuxbrew/bin/msgmerge...
configure:6238: result: /home/linuxbrew/.linuxbrew/bin/msgmerge
configure:6275: checking build system type
configure:6289: result: x86_64-unknown-linux-gnu
configure:6309: checking host system type
configure:6322: result: x86_64-unknown-linux-gnu
configure:6367: checking for ld used by /opt/ppkg/toolchains/zig/x86_64-linux-musl-zig-cc
configure:6434: result: /opt/ppkg/toolchains/gnu-binutils/bin/ld
configure:6441: checking if the linker (/opt/ppkg/toolchains/gnu-binutils/bin/ld) is GNU ld
configure:6456: result: yes
configure:6463: checking for shared library run path origin
configure:6476: result: done
configure:7048: checking for CFPreferencesCopyAppValue
configure:7066: /opt/ppkg/toolchains/zig/x86_64-linux-musl-zig-cc -o conftest  -fno-sanitize=undefined -static --static -fPIC -I/opt/ppkg/install.0.d/yasm/inc -I/home/linuxbrew/.linuxbrew/opt/python@3.10/include -L/opt/ppkg/install.0.d/yasm/lib -L/home/linuxbrew/.linuxbrew/opt/python@3.10/lib -static --static -Wl,-S conftest.c  -Wl,-framework -Wl,CoreFoundation >&5
conftest.c:36:10: fatal error: 'CoreFoundation/CFPreferences.h' file not found
#include <CoreFoundation/CFPreferences.h>
         ^~~~~~~~~~~~~~~~~~~~~~~~~~~~~~~~
1 error generated.
configure:7066: $? = 1
configure: failed program was:
| /* confdefs.h */
| #define PACKAGE_NAME "yasm"
| #define PACKAGE_TARNAME "yasm"
| #define PACKAGE_VERSION "1.3.0"
| #define PACKAGE_STRING "yasm 1.3.0"
| #define PACKAGE_BUGREPORT "bug-yasm@tortall.net"
| #define PACKAGE_URL ""
| #define PACKAGE "yasm"
| #define VERSION "1.3.0"
| #define STDC_HEADERS 1
| #define HAVE_SYS_TYPES_H 1
| #define HAVE_SYS_STAT_H 1
| #define HAVE_STDLIB_H 1
| #define HAVE_STRING_H 1
| #define HAVE_MEMORY_H 1
| #define HAVE_STRINGS_H 1
| #define HAVE_INTTYPES_H 1
| #define HAVE_STDINT_H 1
| #define HAVE_UNISTD_H 1
| #define HAVE_STRINGS_H 1
| #define HAVE_LIBGEN_H 1
| #define HAVE_UNISTD_H 1
| #define HAVE_SYS_STAT_H 1
| #define PROTOTYPES 1
| #define __PROTOTYPES 1
| #define HAVE_ABORT 1
| #define HAVE_TOASCII 1
| #define HAVE_VSNPRINTF 1
| #define HAVE_STRSEP 1
| #define HAVE_GETCWD 1
| #define HAVE_POPEN 1
| #define HAVE_FTRUNCATE 1
| #define HAVE_STRCASECMP 1
| #define HAVE_STRNCASECMP 1
| /* end confdefs.h.  */
| #include <CoreFoundation/CFPreferences.h>
| int
| main ()
| {
| CFPreferencesCopyAppValue(NULL, NULL)
|   ;
|   return 0;
| }
configure:7075: result: no
configure:7082: checking for CFLocaleCopyCurrent
configure:7100: /opt/ppkg/toolchains/zig/x86_64-linux-musl-zig-cc -o conftest  -fno-sanitize=undefined -static --static -fPIC -I/opt/ppkg/install.0.d/yasm/inc -I/home/linuxbrew/.linuxbrew/opt/python@3.10/include -L/opt/ppkg/install.0.d/yasm/lib -L/home/linuxbrew/.linuxbrew/opt/python@3.10/lib -static --static -Wl,-S conftest.c  -Wl,-framework -Wl,CoreFoundation >&5
conftest.c:36:10: fatal error: 'CoreFoundation/CFLocale.h' file not found
#include <CoreFoundation/CFLocale.h>
         ^~~~~~~~~~~~~~~~~~~~~~~~~~~
1 error generated.
configure:7100: $? = 1
configure: failed program was:
| /* confdefs.h */
| #define PACKAGE_NAME "yasm"
| #define PACKAGE_TARNAME "yasm"
| #define PACKAGE_VERSION "1.3.0"
| #define PACKAGE_STRING "yasm 1.3.0"
| #define PACKAGE_BUGREPORT "bug-yasm@tortall.net"
| #define PACKAGE_URL ""
| #define PACKAGE "yasm"
| #define VERSION "1.3.0"
| #define STDC_HEADERS 1
| #define HAVE_SYS_TYPES_H 1
| #define HAVE_SYS_STAT_H 1
| #define HAVE_STDLIB_H 1
| #define HAVE_STRING_H 1
| #define HAVE_MEMORY_H 1
| #define HAVE_STRINGS_H 1
| #define HAVE_INTTYPES_H 1
| #define HAVE_STDINT_H 1
| #define HAVE_UNISTD_H 1
| #define HAVE_STRINGS_H 1
| #define HAVE_LIBGEN_H 1
| #define HAVE_UNISTD_H 1
| #define HAVE_SYS_STAT_H 1
| #define PROTOTYPES 1
| #define __PROTOTYPES 1
| #define HAVE_ABORT 1
| #define HAVE_TOASCII 1
| #define HAVE_VSNPRINTF 1
| #define HAVE_STRSEP 1
| #define HAVE_GETCWD 1
| #define HAVE_POPEN 1
| #define HAVE_FTRUNCATE 1
| #define HAVE_STRCASECMP 1
| #define HAVE_STRNCASECMP 1
| /* end confdefs.h.  */
| #include <CoreFoundation/CFLocale.h>
| int
| main ()
| {
| CFLocaleCopyCurrent();
|   ;
|   return 0;
| }
configure:7109: result: no
configure:8019: checking whether to use NLS
configure:8021: result: no
configure:8101: checking for GNU C Library
configure:8123: result: no
configure:8725: checking that generated files are newer than configure
configure:8731: result: done
configure:8770: creating ./config.status

## ---------------------- ##
## Running config.status. ##
## ---------------------- ##

This file was extended by yasm config.status 1.3.0, which was
generated by GNU Autoconf 2.69.  Invocation command line was

  CONFIG_FILES    = 
  CONFIG_HEADERS  = 
  CONFIG_LINKS    = 
  CONFIG_COMMANDS = 
  $ ./config.status 

on ubuntu

config.status:952: creating Makefile
config.status:952: creating po/Makefile.in
config.status:952: creating config.h
config.status:1166: executing depfiles commands
config.status:1166: executing libyasm-stdint.h commands
config.status:1267: creating libyasm-stdint.h : _YASM_LIBYASM_STDINT_H
config.status:1166: executing po-directories commands

## ---------------- ##
## Cache variables. ##
## ---------------- ##

ac_cv_build=x86_64-unknown-linux-gnu
ac_cv_c_compiler_gnu=yes
ac_cv_c_const=yes
ac_cv_c_inline=inline
ac_cv_env_CCLD_FOR_BUILD_set=
ac_cv_env_CCLD_FOR_BUILD_value=
ac_cv_env_CC_FOR_BUILD_set=
ac_cv_env_CC_FOR_BUILD_value=
ac_cv_env_CC_set=set
ac_cv_env_CC_value=/opt/ppkg/toolchains/zig/x86_64-linux-musl-zig-cc
ac_cv_env_CFLAGS_set=set
ac_cv_env_CFLAGS_value=' -fno-sanitize=undefined -static --static -fPIC'
ac_cv_env_CPPFLAGS_set=set
ac_cv_env_CPPFLAGS_value='-I/opt/ppkg/install.0.d/yasm/inc -I/home/linuxbrew/.linuxbrew/opt/python@3.10/include'
ac_cv_env_CPP_FOR_HOST_set=
ac_cv_env_CPP_FOR_HOST_value=
ac_cv_env_CPP_set=set
ac_cv_env_CPP_value='/opt/ppkg/toolchains/zig/x86_64-linux-musl-zig-cc -E'
ac_cv_env_LDFLAGS_set=set
ac_cv_env_LDFLAGS_value='-L/opt/ppkg/install.0.d/yasm/lib -L/home/linuxbrew/.linuxbrew/opt/python@3.10/lib -static --static -Wl,-S'
ac_cv_env_LIBS_set=
ac_cv_env_LIBS_value=
ac_cv_env_PYTHON_set=
ac_cv_env_PYTHON_value=
ac_cv_env_build_alias_set=
ac_cv_env_build_alias_value=
ac_cv_env_host_alias_set=
ac_cv_env_host_alias_value=
ac_cv_env_target_alias_set=
ac_cv_env_target_alias_value=
ac_cv_func__stricmp=no
ac_cv_func_abort=yes
ac_cv_func_ftruncate=yes
ac_cv_func_getcwd=yes
ac_cv_func_mergesort=no
ac_cv_func_popen=yes
ac_cv_func_strcasecmp=yes
ac_cv_func_strcmpi=no
ac_cv_func_stricmp=no
ac_cv_func_strncasecmp=yes
ac_cv_func_strsep=yes
ac_cv_func_toascii=yes
ac_cv_func_vsnprintf=yes
ac_cv_header_direct_h=no
ac_cv_header_inttypes_h=yes
ac_cv_header_libgen_h=yes
ac_cv_header_memory_h=yes
ac_cv_header_stdc=yes
ac_cv_header_stdint=stdint.h
ac_cv_header_stdint_h=yes
ac_cv_header_stdint_t=stdint.h
ac_cv_header_stdlib_h=yes
ac_cv_header_string_h=yes
ac_cv_header_strings_h=yes
ac_cv_header_sys_stat_h=yes
ac_cv_header_sys_types_h=yes
ac_cv_header_unistd_h=yes
ac_cv_host=x86_64-unknown-linux-gnu
ac_cv_objext=o
ac_cv_path_EGREP='/opt/ppkg/core/bin/grep -E'
ac_cv_path_GMSGFMT=/home/linuxbrew/.linuxbrew/bin/msgfmt
ac_cv_path_GREP=/opt/ppkg/core/bin/grep
ac_cv_path_MSGFMT=/home/linuxbrew/.linuxbrew/bin/msgfmt
ac_cv_path_MSGMERGE=/home/linuxbrew/.linuxbrew/bin/msgmerge
ac_cv_path_SED=/opt/ppkg/core/bin/sed
ac_cv_path_XGETTEXT=/home/linuxbrew/.linuxbrew/bin/xgettext
ac_cv_path_install='/usr/bin/install -c'
ac_cv_path_mkdir=/usr/bin/mkdir
ac_cv_prog_AWK=gawk
ac_cv_prog_CPP='/opt/ppkg/toolchains/zig/x86_64-linux-musl-zig-cc -E'
ac_cv_prog_XMLTO=xmlto
ac_cv_prog_ac_ct_CC=/opt/ppkg/toolchains/zig/x86_64-linux-musl-zig-cc
ac_cv_prog_ac_ct_RANLIB=/opt/ppkg/toolchains/gnu-binutils/bin/ranlib
ac_cv_prog_cc_c89=
ac_cv_prog_cc_c99=
ac_cv_prog_cc_g=yes
ac_cv_prog_cc_stdc=
ac_cv_prog_make_make_set=yes
ac_cv_stdint_message='using /opt/ppkg/toolchains/zig/x86_64-linux-musl-zig-cc'
ac_cv_stdint_result='(assuming C99 compatible system)'
ac_cv_type_size_t=yes
acl_cv_hardcode_direct=no
acl_cv_hardcode_libdir_flag_spec='${wl}-rpath ${wl}$libdir'
acl_cv_hardcode_libdir_separator=
acl_cv_hardcode_minus_L=no
acl_cv_libext=a
acl_cv_libname_spec='lib$name'
acl_cv_library_names_spec='$libname$shrext'
acl_cv_path_LD=/opt/ppkg/toolchains/gnu-binutils/bin/ld
acl_cv_prog_gnu_ld=yes
acl_cv_rpath=done
acl_cv_shlibext=so
acl_cv_wl=-Wl,
am_cv_CC_dependencies_compiler_type=gcc3
am_cv_make_support_nested_variables=yes
am_cv_prog_cc_c_o=yes
gt_cv_func_CFLocaleCopyCurrent=no
gt_cv_func_CFPreferencesCopyAppValue=no
yasm_cv_header_gnulib=no

## ----------------- ##
## Output variables. ##
## ----------------- ##

ACLOCAL='${SHELL} /opt/ppkg/install.0.d/yasm/src/config/missing aclocal-1.14'
AMDEPBACKSLASH='\'
AMDEP_FALSE='#'
AMDEP_TRUE=''
AMTAR='$${TAR-tar}'
AM_BACKSLASH='\'
AM_DEFAULT_V='$(AM_DEFAULT_VERBOSITY)'
AM_DEFAULT_VERBOSITY='1'
AM_V='$(V)'
AR='/opt/ppkg/toolchains/gnu-binutils/bin/ar'
ARCH='x86'
AUTOCONF='${SHELL} /opt/ppkg/install.0.d/yasm/src/config/missing autoconf'
AUTOHEADER='${SHELL} /opt/ppkg/install.0.d/yasm/src/config/missing autoheader'
AUTOMAKE='${SHELL} /opt/ppkg/install.0.d/yasm/src/config/missing automake-1.14'
AWK='gawk'
BUILD_MAN_FALSE='#'
BUILD_MAN_TRUE=''
CC='/opt/ppkg/toolchains/zig/x86_64-linux-musl-zig-cc'
CCDEPMODE='depmode=gcc3'
CCLD_FOR_BUILD='$(CC)'
CC_FOR_BUILD='$(CC)'
CFLAGS='-fno-sanitize=undefined -static --static -fPIC '
CPP='/opt/ppkg/toolchains/zig/x86_64-linux-musl-zig-cc -E'
CPPFLAGS='-I/opt/ppkg/install.0.d/yasm/inc -I/home/linuxbrew/.linuxbrew/opt/python@3.10/include'
CPP_FOR_HOST=''
CYGPATH_W='echo'
DEFS='-DHAVE_CONFIG_H'
DEPDIR='.deps'
ECHO_C=''
ECHO_N='-n'
ECHO_T=''
EGREP='/opt/ppkg/core/bin/grep -E'
EXEEXT=''
GCC='yes'
GETTEXT_MACRO_VERSION='0.18'
GMSGFMT='/home/linuxbrew/.linuxbrew/bin/msgfmt'
GMSGFMT_015='/home/linuxbrew/.linuxbrew/bin/msgfmt'
GREP='/opt/ppkg/core/bin/grep'
HAVE_PYTHON_BINDINGS_FALSE=''
HAVE_PYTHON_BINDINGS_TRUE='#'
HAVE_PYTHON_FALSE=''
HAVE_PYTHON_TRUE='#'
INSTALL_DATA='${INSTALL} -m 644'
INSTALL_PROGRAM='${INSTALL}'
INSTALL_SCRIPT='${INSTALL}'
INSTALL_STRIP_PROGRAM='$(install_sh) -c -s'
INTLLIBS=''
INTL_MACOSX_LIBS=''
LDFLAGS='-L/opt/ppkg/install.0.d/yasm/lib -L/home/linuxbrew/.linuxbrew/opt/python@3.10/lib -static --static -Wl,-S'
LIBICONV='-liconv'
LIBINTL=''
LIBOBJS=''
LIBS=''
LN_S='ln -s'
LTLIBICONV='-liconv'
LTLIBINTL=''
LTLIBOBJS=''
MAINT='#'
MAINTAINER_MODE_FALSE=''
MAINTAINER_MODE_TRUE='#'
MAKEINFO='${SHELL} /opt/ppkg/install.0.d/yasm/src/config/missing makeinfo'
MKDIR_P='/usr/bin/mkdir -p'
MORE_CFLAGS=''
MSGFMT='/home/linuxbrew/.linuxbrew/bin/msgfmt'
MSGFMT_015='/home/linuxbrew/.linuxbrew/bin/msgfmt'
MSGMERGE='/home/linuxbrew/.linuxbrew/bin/msgmerge'
OBJEXT='o'
PACKAGE='yasm'
PACKAGE_BUGREPORT='bug-yasm@tortall.net'
PACKAGE_NAME='yasm'
PACKAGE_STRING='yasm 1.3.0'
PACKAGE_TARNAME='yasm'
PACKAGE_URL=''
PACKAGE_VERSION='1.3.0'
PATH_SEPARATOR=':'
POSUB=''
PYTHON=''
PYTHON_EXEC_PREFIX=''
PYTHON_INCLUDES=''
PYTHON_PLATFORM=''
PYTHON_PREFIX=''
PYTHON_VERSION=''
RANLIB='/opt/ppkg/toolchains/gnu-binutils/bin/ranlib'
SED='/opt/ppkg/core/bin/sed'
SET_MAKE=''
SHELL='/bin/bash'
STRIP='/opt/ppkg/toolchains/gnu-binutils/bin/strip'
USE_NLS='no'
VERSION='1.3.0'
XGETTEXT='/home/linuxbrew/.linuxbrew/bin/xgettext'
XGETTEXT_015='/home/linuxbrew/.linuxbrew/bin/xgettext'
XGETTEXT_EXTRA_OPTIONS=''
XMLTO='xmlto'
ac_ct_AR=''
ac_ct_CC='/opt/ppkg/toolchains/zig/x86_64-linux-musl-zig-cc'
am__EXEEXT_FALSE=''
am__EXEEXT_TRUE='#'
am__fastdepCC_FALSE='#'
am__fastdepCC_TRUE=''
am__include='include'
am__isrc=' -I$(srcdir)'
am__leading_dot='.'
am__nodep='_no'
am__quote=''
am__tar='$${TAR-tar} chof - "$$tardir"'
am__untar='$${TAR-tar} xf -'
bindir='${exec_prefix}/bin'
build='x86_64-unknown-linux-gnu'
build_alias=''
build_cpu='x86_64'
build_os='linux-gnu'
build_vendor='unknown'
datadir='${datarootdir}'
datarootdir='${prefix}/share'
docdir='${datarootdir}/doc/${PACKAGE_TARNAME}'
dvidir='${docdir}'
exec_prefix='${prefix}'
host='x86_64-unknown-linux-gnu'
host_alias=''
host_cpu='x86_64'
host_os='linux-gnu'
host_vendor='unknown'
htmldir='${docdir}'
includedir='${prefix}/include'
infodir='${datarootdir}/info'
install_sh='${SHELL} /opt/ppkg/install.0.d/yasm/src/config/install-sh'
libdir='${exec_prefix}/lib'
libexecdir='${exec_prefix}/libexec'
localedir='${datarootdir}/locale'
localstatedir='${prefix}/var'
mandir='${datarootdir}/man'
mkdir_p='$(MKDIR_P)'
oldincludedir='/usr/include'
pdfdir='${docdir}'
pkgpyexecdir=''
pkgpythondir=''
prefix='/opt/ppkg/install.1.d/yasm'
program_transform_name='s,x,x,'
psdir='${docdir}'
pyexecdir=''
pythondir=''
sbindir='${exec_prefix}/sbin'
sharedstatedir='${prefix}/com'
sysconfdir='${prefix}/etc'
target_alias=''

## ----------- ##
## confdefs.h. ##
## ----------- ##

/* confdefs.h */
#define PACKAGE_NAME "yasm"
#define PACKAGE_TARNAME "yasm"
#define PACKAGE_VERSION "1.3.0"
#define PACKAGE_STRING "yasm 1.3.0"
#define PACKAGE_BUGREPORT "bug-yasm@tortall.net"
#define PACKAGE_URL ""
#define PACKAGE "yasm"
#define VERSION "1.3.0"
#define STDC_HEADERS 1
#define HAVE_SYS_TYPES_H 1
#define HAVE_SYS_STAT_H 1
#define HAVE_STDLIB_H 1
#define HAVE_STRING_H 1
#define HAVE_MEMORY_H 1
#define HAVE_STRINGS_H 1
#define HAVE_INTTYPES_H 1
#define HAVE_STDINT_H 1
#define HAVE_UNISTD_H 1
#define HAVE_STRINGS_H 1
#define HAVE_LIBGEN_H 1
#define HAVE_UNISTD_H 1
#define HAVE_SYS_STAT_H 1
#define PROTOTYPES 1
#define __PROTOTYPES 1
#define HAVE_ABORT 1
#define HAVE_TOASCII 1
#define HAVE_VSNPRINTF 1
#define HAVE_STRSEP 1
#define HAVE_GETCWD 1
#define HAVE_POPEN 1
#define HAVE_FTRUNCATE 1
#define HAVE_STRCASECMP 1
#define HAVE_STRNCASECMP 1
#define CPP_PROG "cc -E"

configure: exit 0
